------------------------------
  Elements     Atomic Weight
------------------------------
  1.	C         12.01099968
  2.	O         15.99899960
  3.	N         14.00699997
------------------------------


------------------------------------------------------------------------------------------------------
                                                Molecular        Temperature        Elements
  Species                  Phase  Charge         weight         Low      High       C       O       N
------------------------------------------------------------------------------------------------------
    1. CO                    G      0           28.009999    200.00   3500.00       1       1       0
    2. O2                    G      0           31.997999    300.00   5000.00       0       2       0
    3. CO2                   G      0           44.008999    200.00   3500.00       1       2       0
    4. N2                    G      0           28.014000    300.00   5000.00       0       0       2
------------------------------------------------------------------------------------------------------

------------------------------------------------------------------------------------------------------
                                                Molecular        Temperature        Elements
  Species                  Phase  Charge         weight         Low      High       C       O       N
------------------------------------------------------------------------------------------------------
    4. N2                    G      0           28.014000    300.00   5000.00       0       0       2
    2. O2                    G      0           31.997999    300.00   5000.00       0       2       0
    1. CO                    G      0           28.009999    200.00   3500.00       1       1       0
    3. CO2                   G      0           44.008999    200.00   3500.00       1       2       0
------------------------------------------------------------------------------------------------------

------------------------------------------------------------------------------------------------------------------
  Species                  Shape       eps/kb          sigma             mu           alfa        zRot298
------------------------------------------------------------------------------------------------------------------
    1. CO                    1        98.1000         3.6500         0.0000         1.9500         1.8000
    2. O2                    1       107.4000         3.4580         0.0000         1.6000         3.8000
    3. CO2                   1       244.0000         3.7630         0.0000         2.6500         2.1000
    4. N2                    1        97.5300         3.6210         0.0000         1.7600         4.0000
------------------------------------------------------------------------------------------------------------------


------------------------------------------------------------------------------------------------------------------
  Species                  Shape       eps/kb          sigma             mu           alfa        zRot298
------------------------------------------------------------------------------------------------------------------
    1. CO                    1        98.1000         3.6500         0.0000         1.9500         1.8000
    2. O2                    1       107.4000         3.4580         0.0000         1.6000         3.8000
    3. CO2                   1       244.0000         3.7630         0.0000         2.6500         2.1000
    4. N2                    1        97.5300         3.6210         0.0000         1.7600         4.0000
------------------------------------------------------------------------------------------------------------------


---------------------------------------------------------------------------------------
                                  CHEMICAL REACTIONS

                          Units: [mol, cm3, s] and [cal/mol]
---------------------------------------------------------------------------------------


      1. CO  => CO
         k:       0.000000e+00	    0.00          0.00
