------------------------------
  Elements     Atomic Weight
------------------------------
  1.	C         12.01099968
  2.	O         15.99899960
  3.	N         14.00699997
  4.	RH       102.90500000
------------------------------


--------------------------------------------------------------------------------------------------------------
                                                Molecular        Temperature        Elements
  Species                  Phase  Charge         weight         Low      High       C       O       N      RH
--------------------------------------------------------------------------------------------------------------
    1. CO                    G      0           28.009999    200.00   3500.00       1       1       0       0
    2. O2                    G      0           31.997999    300.00   5000.00       0       2       0       0
    3. CO2                   G      0           44.008999    200.00   3500.00       1       2       0       0
    4. N2                    G      0           28.014000    300.00   5000.00       0       0       2       0
    5. _S_                   S      0          102.905000    300.00   3000.00       0       0       0       1
--------------------------------------------------------------------------------------------------------------

--------------------------------------------------------------------------------------------------------------
                                                Molecular        Temperature        Elements
  Species                  Phase  Charge         weight         Low      High       C       O       N      RH
--------------------------------------------------------------------------------------------------------------
    5. _S_                   S      0          102.905000    300.00   3000.00       0       0       0       1
    4. N2                    G      0           28.014000    300.00   5000.00       0       0       2       0
    2. O2                    G      0           31.997999    300.00   5000.00       0       2       0       0
    1. CO                    G      0           28.009999    200.00   3500.00       1       1       0       0
    3. CO2                   G      0           44.008999    200.00   3500.00       1       2       0       0
--------------------------------------------------------------------------------------------------------------

---------------------------------------------------------------------------------------
                                SURFACE MECHANISM
---------------------------------------------------------------------------------------

       Number of materials:       1
       Number of site phases:     1
       Number of bulk phases:     0
       Number of surface species: 1
       Number of bulk species:    0

       Materials:
       MAT-1

       ------------------------------------------------------------------------------------------------------------------
       Site phases:        density[mol/cm2]     sites      global-index   local-index   internal-index
       ------------------------------------------------------------------------------------------------------------------
       1. CAT_SURFACE      2.490000e-09
             _s_                              1.000000         5              1              1

--------------------------------------------------------------------------------------------------------
                                  CHEMICAL REACTIONS

                         Units: [kmol, m3, s] and [cal/mol]
--------------------------------------------------------------------------------------------------------
