-----------------------------------------------------------------------------------------------------------------------------------------------------
Name                              MW       Cp@298K        H@298K        G@298K        S@298K      Cp@1000K       H@1000K       G@1000K       S@1000K
                           [kg/kmol]   [cal/mol/K]    [kcal/mol]    [kcal/mol]   [cal/mol/K]   [cal/mol/K]    [kcal/mol]    [kcal/mol]   [cal/mol/K]
-----------------------------------------------------------------------------------------------------------------------------------------------------
CO                           28.0100        6.9641      -26.4155      -40.4908       47.2326        7.9253      -21.2309      -77.2827       56.0517
O2                           31.9980        7.0055       -0.0013      -14.6027       48.9983        8.3490        5.4298      -52.7642       58.1939
CO2                          44.0090        8.8730      -94.0423     -109.2660       51.0864       12.9817      -86.0597     -150.4140       64.3543
N2                           28.0140        6.9473       -0.0007      -13.6385       45.7643        7.8295        5.1309      -49.3780       54.5089
-----------------------------------------------------------------------------------------------------------------------------------------------------

 ====================================================================================================
   THERMO TABLE FOR MOLECULE CO
 ====================================================================================================
   Elemental Composition:
     C 1.0000
     O 1.0000
   Formation Enthalpy at 298K =          -26.4155 kcal/mol
   Formation Free Gibbs Energy at 298K = -40.4908 kcal/mol
   Molecular Weight =                    28.0100 kg/kmol
 -----------------------------------------------------------------------------------------------------
   Temperature       Cp             H             G            S             DH            DG
       [K]       [cal/mol/K]    [kcal/mol]    [kcal/mol]  [cal/(mol-K)]  [kcal/mol]     [kcal/mol]
 -----------------------------------------------------------------------------------------------------
     300.0000      6.9646        -26.4016      -40.5853      47.2792       0.0139        -0.0945
     600.0000      7.2686        -24.2766      -55.5828      52.1771       2.1389        -15.0920
     800.0000      7.6220        -22.7882      -66.2406      54.3156       3.6273        -25.7498
     1000.0000     7.9253        -21.2309      -77.2827      56.0517       5.1845        -36.7919
     1200.0000     8.1610        -19.6213      -88.6434      57.5185       6.7942        -48.1526
     1400.0000     8.3415        -17.9702      -100.2772     58.7907       8.4453        -59.7864
     1600.0000     8.4787        -16.2876      -112.1498     59.9139       10.1279       -71.6590
     1800.0000     8.5827        -14.5809      -124.2349     60.9188       11.8345       -83.7441
     2000.0000     8.6624        -12.8561      -136.5109     61.8274       13.5594       -96.0201
     2200.0000     8.7249        -11.1171      -148.9605     62.6561       15.2983       -108.4697
     2400.0000     8.7758        -9.3669       -161.5689     63.4175       17.0486       -121.0781
     2600.0000     8.8193        -7.6073       -174.3237     64.1217       18.8082       -133.8329
 -----------------------------------------------------------------------------------------------------


 ====================================================================================================
   THERMO TABLE FOR MOLECULE O2
 ====================================================================================================
   Elemental Composition:
     O 2.0000
   Formation Enthalpy at 298K =          -0.0013 kcal/mol
   Formation Free Gibbs Energy at 298K = -14.6027 kcal/mol
   Molecular Weight =                    31.9980 kg/kmol
 -----------------------------------------------------------------------------------------------------
   Temperature       Cp             H             G            S             DH            DG
       [K]       [cal/mol/K]    [kcal/mol]    [kcal/mol]  [cal/(mol-K)]  [kcal/mol]     [kcal/mol]
 -----------------------------------------------------------------------------------------------------
     300.0000      7.0096        0.0128        -14.7008      49.0452       0.0140        -0.0980
     600.0000      7.6546        2.2114        -30.2483      54.0995       2.2127        -15.6455
     800.0000      8.0674        3.7847        -41.3030      56.3597       3.7860        -26.7003
     1000.0000     8.3490        5.4298        -52.7642      58.1939       5.4310        -38.1614
     1200.0000     8.5060        7.1155        -64.5608      59.7302       7.1167        -49.9580
     1400.0000     8.6516        8.8314        -76.6420      61.0525       8.8327        -62.0393
     1600.0000     8.7869        10.5755       -88.9713      62.2167       10.5767       -74.3685
     1800.0000     8.9130        12.3456       -101.5206     63.2590       12.3469       -86.9179
     2000.0000     9.0308        14.1401       -114.2684     64.2043       14.1414       -99.6657
     2200.0000     9.1411        15.9574       -127.1971     65.0702       15.9587       -112.5943
     2400.0000     9.2448        17.7961       -140.2921     65.8701       17.7974       -125.6893
     2600.0000     9.3426        19.6549       -153.5414     66.6140       19.6562       -138.9386
 -----------------------------------------------------------------------------------------------------


 ====================================================================================================
   THERMO TABLE FOR MOLECULE CO2
 ====================================================================================================
   Elemental Composition:
     C 1.0000
     O 2.0000
   Formation Enthalpy at 298K =          -94.0423 kcal/mol
   Formation Free Gibbs Energy at 298K = -109.2660 kcal/mol
   Molecular Weight =                    44.0090 kg/kmol
 -----------------------------------------------------------------------------------------------------
   Temperature       Cp             H             G            S             DH            DG
       [K]       [cal/mol/K]    [kcal/mol]    [kcal/mol]  [cal/(mol-K)]  [kcal/mol]     [kcal/mol]
 -----------------------------------------------------------------------------------------------------
     300.0000      8.8943        -94.0245      -109.3683     51.1458       0.0178        -0.1022
     600.0000      11.3172       -90.9572      -125.8387     58.1358       3.0851        -16.5726
     800.0000      12.2908       -88.5901      -137.8173     61.5340       5.4522        -28.5512
     1000.0000     12.9817       -86.0597      -150.4140     64.3543       7.9826        -41.1480
     1200.0000     13.4561       -83.4137      -163.5318     66.7651       10.6286       -54.2658
     1400.0000     13.8129       -80.6851      -177.0996     68.8675       13.3572       -67.8335
     1600.0000     14.0786       -77.8946      -191.0629     70.7302       16.1477       -81.7969
     1800.0000     14.2761       -75.0582      -205.3788     72.4004       18.9841       -96.1128
     2000.0000     14.4247       -72.1874      -220.0125     73.9126       21.8549       -110.7465
     2200.0000     14.5401       -69.2905      -234.9351     75.2930       24.7518       -125.6691
     2400.0000     14.6344       -66.3728      -250.1223     76.5623       27.6695       -140.8563
     2600.0000     14.7162       -63.4375      -265.5537     77.7370       30.6047       -156.2877
 -----------------------------------------------------------------------------------------------------


 ====================================================================================================
   THERMO TABLE FOR MOLECULE N2
 ====================================================================================================
   Elemental Composition:
     N 2.0000
   Formation Enthalpy at 298K =          -0.0007 kcal/mol
   Formation Free Gibbs Energy at 298K = -13.6385 kcal/mol
   Molecular Weight =                    28.0140 kg/kmol
 -----------------------------------------------------------------------------------------------------
   Temperature       Cp             H             G            S             DH            DG
       [K]       [cal/mol/K]    [kcal/mol]    [kcal/mol]  [cal/(mol-K)]  [kcal/mol]     [kcal/mol]
 -----------------------------------------------------------------------------------------------------
     300.0000      6.9485        0.0132        -13.7300      45.8108       0.0139        -0.0916
     600.0000      7.1901        2.1285        -28.2849      50.6890       2.1292        -14.6465
     800.0000      7.5026        3.5960        -38.6422      52.7977       3.5967        -25.0037
     1000.0000     7.8295        5.1309        -49.3780      54.5089       5.1316        -35.7395
     1200.0000     8.0555        6.7201        -60.4283      55.9570       6.7208        -46.7898
     1400.0000     8.2395        8.3503        -71.7480      57.2131       8.3510        -58.1096
     1600.0000     8.3880        10.0136       -83.3038      58.3234       10.0143       -69.6653
     1800.0000     8.5065        11.7035       -95.0697      59.3184       11.7042       -81.4312
     2000.0000     8.6005        13.4146       -107.0250     60.2198       13.4153       -93.3865
     2200.0000     8.6746        15.1424       -119.1524     61.0431       15.1431       -105.5140
     2400.0000     8.7331        16.8834       -131.4378     61.8005       16.8841       -117.7993
     2600.0000     8.7796        18.6348       -143.8689     62.5014       18.6355       -130.2304
 -----------------------------------------------------------------------------------------------------
