 ----------------------------------------------------------------------------------------------------------------------------------------------------------------------------------------------------------------------------------------------------------
                     SPECIFIC HEAT COEFFICIENTS

             Cp = A + B*T + C*T^2 + D*T^3 + E*T^4  [J/kg/K]

    Species                      Cp(298K)         Cp(1000K)          LT-HT            A(LT)            B(LT)            C(LT)            D(LT)            E(LT)             A(HT)           B(HT)            C(HT)            D(HT)           E(HT)
 ----------------------------------------------------------------------------------------------------------------------------------------------------------------------------------------------------------------------------------------------------------

    1. CO                       1.040366e+03     1.183965e+03     1.000000e+03     1.062545e+03    -1.811768e-01     3.018302e-04     2.692348e-07    -2.684685e-10     8.059732e+02     6.122387e-01    -2.964905e-04     6.828872e-08    -6.045060e-12
    2. O2                       9.161200e+02     1.091817e+03     1.000000e+03     8.348595e+02     2.929696e-01    -1.495696e-04     3.414020e-07    -2.278449e-10     9.607902e+02     1.594189e-01    -3.271015e-05     4.612947e-09    -2.952949e-13
    3. CO2                      8.436562e+02     1.234313e+03     1.000000e+03     4.452568e+02     1.697428e+00    -1.345829e-03     4.646060e-07    -2.714864e-11     7.287761e+02     8.339911e-01    -4.184369e-04     9.890112e-08    -8.918917e-12
    4. N2                       1.037719e+03     1.169485e+03     1.000000e+03     9.790364e+02     4.179609e-01    -1.176271e-03     1.674383e-06    -7.256245e-10     8.686164e+02     4.416266e-01    -1.687218e-04     2.996768e-08    -2.004372e-12

 ----------------------------------------------------------------------------------------------------------------------------------------------------------------------------------------------------------------------------------------------------------


 -------------------------------------------------------------------------------------------------------------------------------------------------------------------------------------------------------------------------------------------------------------------------------------------
                           ENTHALPY COEFFICIENTS

             H/(RT) = A + B*T + C*T^2 + D*T^3 + E*T^4 + F/T  [-]

    Species                   H(298K)[J/kmol]  H(1000K)[J/kmol]      LT-HT            A(LT)            B(LT)            C(LT)            D(LT)            E(LT)           F(LT)             A(HT)            B(HT)            C(HT)           D(HT)             E(HT)            F(HT)
 -------------------------------------------------------------------------------------------------------------------------------------------------------------------------------------------------------------------------------------------------------------------------------------------

    1. CO                      -1.105337e+08    -8.883940e+07     1.000000e+03     3.579533e+00    -3.051768e-04     3.389381e-07     2.267515e-10    -1.808849e-13    -1.434409e+04     2.715186e+00     1.031264e-03    -3.329419e-07     5.751325e-11    -4.072954e-15    -1.415187e+04
    2. O2                      -5.244966e+03     2.272057e+07     1.000000e+03     3.212936e+00     5.637431e-04    -1.918717e-07     3.284693e-10    -1.753711e-13    -1.005249e+03     3.697577e+00     3.067598e-04    -4.196140e-08     4.438203e-12    -2.272870e-16    -1.233930e+03
    3. CO2                     -3.935133e+08    -3.601107e+08     1.000000e+03     2.356774e+00     4.492298e-03    -2.374521e-06     6.147976e-10    -2.873991e-14    -4.837197e+04     3.857460e+00     2.207185e-03    -7.382713e-07     1.308725e-10    -9.441683e-15    -4.875917e+04
    4. N2                      -2.931729e+03     2.146986e+07     1.000000e+03     3.298677e+00     7.041200e-04    -1.321074e-06     1.410379e-09    -4.889708e-13    -1.020900e+03     2.926638e+00     7.439885e-04    -1.894920e-07     2.524260e-11    -1.350670e-15    -9.227954e+02

 -------------------------------------------------------------------------------------------------------------------------------------------------------------------------------------------------------------------------------------------------------------------------------------------


 -------------------------------------------------------------------------------------------------------------------------------------------------------------------------------------------------------------------------------------------------------------------------------------------
                             ENTROPY COEFFICIENTS

             S/R = A*lnT + B*T + C*T^2 + D*T^3 + E*T^4 + F  [-]

    Species                 S(298K)[J/kmol/K] S(1000K)[J/kmol/K]     LT-HT            A(LT)            B(LT)            C(LT)            D(LT)            E(LT)           F(LT)             A(HT)            B(HT)            C(HT)           D(HT)             E(HT)            F(HT)
 -------------------------------------------------------------------------------------------------------------------------------------------------------------------------------------------------------------------------------------------------------------------------------------------

    1. CO                       1.976416e+05     2.345446e+05     1.000000e+03     3.579533e+00    -6.103537e-04     5.084072e-07     3.023353e-10    -2.261061e-13     3.508409e+00     2.715186e+00     2.062527e-03    -4.994129e-07     7.668434e-11    -5.091193e-15     7.818688e+00
    2. O2                       2.050299e+05     2.435085e+05     1.000000e+03     3.212936e+00     1.127486e-03    -2.878075e-07     4.379590e-10    -2.192138e-13     6.034739e+00     3.697577e+00     6.135197e-04    -6.294210e-08     5.917603e-12    -2.841088e-16     3.189171e+00
    3. CO2                      2.137676e+05     2.692862e+05     1.000000e+03     2.356774e+00     8.984597e-03    -3.561781e-06     8.197301e-10    -3.592489e-14     9.901052e+00     3.857460e+00     4.414370e-03    -1.107407e-06     1.744967e-10    -1.180210e-14     2.271638e+00
    4. N2                       1.914976e+05     2.280885e+05     1.000000e+03     3.298677e+00     1.408240e-03    -1.981611e-06     1.880505e-09    -6.112135e-13     3.950372e+00     2.926638e+00     1.487977e-03    -2.842380e-07     3.365680e-11    -1.688338e-15     5.980540e+00

 -------------------------------------------------------------------------------------------------------------------------------------------------------------------------------------------------------------------------------------------------------------------------------------------
